Flow report for g08_lab3
Thu Nov 02 00:30:11 2017
Quartus II 64-Bit Version 13.0.0 Build 156 04/24/2013 SJ Web Edition


---------------------
; Table of Contents ;
---------------------
  1. Legal Notice
  2. Flow Summary
  3. Flow Settings
  4. Flow Non-Default Global Settings
  5. Flow Elapsed Time
  6. Flow OS Summary
  7. Flow Log
  8. Flow Messages
  9. Flow Suppressed Messages



----------------
; Legal Notice ;
----------------
Copyright (C) 1991-2013 Altera Corporation
Your use of Altera Corporation's design tools, logic functions 
and other software and tools, and its AMPP partner logic 
functions, and any output files from any of the foregoing 
(including device programming or simulation files), and any 
associated documentation or information are expressly subject 
to the terms and conditions of the Altera Program License 
Subscription Agreement, Altera MegaCore Function License 
Agreement, or other applicable license agreement, including, 
without limitation, that your use is for the sole purpose of 
programming logic devices manufactured by Altera and sold by 
Altera or its authorized distributors.  Please refer to the 
applicable agreement for further details.



+---------------------------------------------------------------------------------+
; Flow Summary                                                                    ;
+------------------------------------+--------------------------------------------+
; Flow Status                        ; Successful - Thu Nov 02 00:30:11 2017      ;
; Quartus II 64-Bit Version          ; 13.0.0 Build 156 04/24/2013 SJ Web Edition ;
; Revision Name                      ; g08_lab3                                   ;
; Top-level Entity Name              ; g08_pulseEnabler                           ;
; Family                             ; Cyclone II                                 ;
; Device                             ; EP2C20F484C7                               ;
; Timing Models                      ; Final                                      ;
; Total logic elements               ; 685 / 18,752 ( 4 % )                       ;
;     Total combinational functions  ; 685 / 18,752 ( 4 % )                       ;
;     Dedicated logic registers      ; 339 / 18,752 ( 2 % )                       ;
; Total registers                    ; 339                                        ;
; Total pins                         ; 39 / 315 ( 12 % )                          ;
; Total virtual pins                 ; 0                                          ;
; Total memory bits                  ; 3,328 / 239,616 ( 1 % )                    ;
; Embedded Multiplier 9-bit elements ; 0 / 52 ( 0 % )                             ;
; Total PLLs                         ; 0 / 4 ( 0 % )                              ;
+------------------------------------+--------------------------------------------+


+-----------------------------------------+
; Flow Settings                           ;
+-------------------+---------------------+
; Option            ; Setting             ;
+-------------------+---------------------+
; Start date & time ; 11/02/2017 00:28:57 ;
; Main task         ; Compilation         ;
; Revision Name     ; g08_lab3            ;
+-------------------+---------------------+


+---------------------------------------------------------------------------------------------------------------------------------+
; Flow Non-Default Global Settings                                                                                                ;
+-------------------------------------+---------------------------------------+---------------+------------------+----------------+
; Assignment Name                     ; Value                                 ; Default Value ; Entity Name      ; Section Id     ;
+-------------------------------------+---------------------------------------+---------------+------------------+----------------+
; COMPILER_SIGNATURE_ID               ; 93094397669076.150959693606840        ; --            ; --               ; --             ;
; EDA_GENERATE_FUNCTIONAL_NETLIST     ; On                                    ; --            ; --               ; eda_simulation ;
; EDA_OUTPUT_DATA_FORMAT              ; Verilog Hdl                           ; --            ; --               ; eda_simulation ;
; EDA_SIMULATION_TOOL                 ; ModelSim-Altera (Verilog)             ; <None>        ; --               ; --             ;
; IP_TOOL_NAME                        ; LPM_COUNTER                           ; --            ; --               ; --             ;
; IP_TOOL_NAME                        ; LPM_COMPARE                           ; --            ; --               ; --             ;
; IP_TOOL_NAME                        ; LPM_MUX                               ; --            ; --               ; --             ;
; IP_TOOL_NAME                        ; LPM_MUX                               ; --            ; --               ; --             ;
; IP_TOOL_NAME                        ; LPM_CONSTANT                          ; --            ; --               ; --             ;
; IP_TOOL_NAME                        ; LPM_COMPARE                           ; --            ; --               ; --             ;
; IP_TOOL_NAME                        ; LPM_COUNTER                           ; --            ; --               ; --             ;
; IP_TOOL_NAME                        ; LPM_COMPARE                           ; --            ; --               ; --             ;
; IP_TOOL_VERSION                     ; 13.0                                  ; --            ; --               ; --             ;
; IP_TOOL_VERSION                     ; 13.0                                  ; --            ; --               ; --             ;
; IP_TOOL_VERSION                     ; 13.0                                  ; --            ; --               ; --             ;
; IP_TOOL_VERSION                     ; 13.0                                  ; --            ; --               ; --             ;
; IP_TOOL_VERSION                     ; 13.0                                  ; --            ; --               ; --             ;
; IP_TOOL_VERSION                     ; 13.0                                  ; --            ; --               ; --             ;
; IP_TOOL_VERSION                     ; 13.0                                  ; --            ; --               ; --             ;
; IP_TOOL_VERSION                     ; 13.0                                  ; --            ; --               ; --             ;
; MAX_CORE_JUNCTION_TEMP              ; 85                                    ; --            ; --               ; --             ;
; MIN_CORE_JUNCTION_TEMP              ; 0                                     ; --            ; --               ; --             ;
; MISC_FILE                           ; lpm_counter0.bsf                      ; --            ; --               ; --             ;
; MISC_FILE                           ; lpm_counter0.cmp                      ; --            ; --               ; --             ;
; MISC_FILE                           ; lpm_compare0.bsf                      ; --            ; --               ; --             ;
; MISC_FILE                           ; lpm_compare0.cmp                      ; --            ; --               ; --             ;
; MISC_FILE                           ; lpm_mux0.bsf                          ; --            ; --               ; --             ;
; MISC_FILE                           ; lpm_mux0.cmp                          ; --            ; --               ; --             ;
; MISC_FILE                           ; lpm_mux1.bsf                          ; --            ; --               ; --             ;
; MISC_FILE                           ; lpm_mux1.cmp                          ; --            ; --               ; --             ;
; MISC_FILE                           ; lpm_constant0.bsf                     ; --            ; --               ; --             ;
; MISC_FILE                           ; lpm_constant0.cmp                     ; --            ; --               ; --             ;
; MISC_FILE                           ; lpm_compare1.bsf                      ; --            ; --               ; --             ;
; MISC_FILE                           ; lpm_compare1.cmp                      ; --            ; --               ; --             ;
; MISC_FILE                           ; lpm_counter1.bsf                      ; --            ; --               ; --             ;
; MISC_FILE                           ; lpm_counter1.cmp                      ; --            ; --               ; --             ;
; MISC_FILE                           ; lpm_compare2.bsf                      ; --            ; --               ; --             ;
; MISC_FILE                           ; lpm_compare2.cmp                      ; --            ; --               ; --             ;
; PARTITION_COLOR                     ; 16764057                              ; --            ; g08_pulseEnabler ; Top            ;
; PARTITION_FITTER_PRESERVATION_LEVEL ; PLACEMENT_AND_ROUTING                 ; --            ; g08_pulseEnabler ; Top            ;
; PARTITION_NETLIST_TYPE              ; SOURCE                                ; --            ; g08_pulseEnabler ; Top            ;
; POWER_BOARD_THERMAL_MODEL           ; None (CONSERVATIVE)                   ; --            ; --               ; --             ;
; POWER_PRESET_COOLING_SOLUTION       ; 23 MM HEAT SINK WITH 200 LFPM AIRFLOW ; --            ; --               ; --             ;
; PROJECT_OUTPUT_DIRECTORY            ; output_files                          ; --            ; --               ; --             ;
; TOP_LEVEL_ENTITY                    ; g08_pulseEnabler                      ; g08_lab3      ; --               ; --             ;
+-------------------------------------+---------------------------------------+---------------+------------------+----------------+


+-------------------------------------------------------------------------------------------------------------------------------+
; Flow Elapsed Time                                                                                                             ;
+---------------------------+--------------+-------------------------+---------------------+------------------------------------+
; Module Name               ; Elapsed Time ; Average Processors Used ; Peak Virtual Memory ; Total CPU Time (on all processors) ;
+---------------------------+--------------+-------------------------+---------------------+------------------------------------+
; Analysis & Synthesis      ; 00:00:26     ; 1.0                     ; 577 MB              ; 00:00:23                           ;
; Fitter                    ; 00:00:28     ; 1.0                     ; 744 MB              ; 00:00:26                           ;
; Assembler                 ; 00:00:06     ; 1.0                     ; 441 MB              ; 00:00:05                           ;
; TimeQuest Timing Analyzer ; 00:00:05     ; 1.0                     ; 454 MB              ; 00:00:03                           ;
; EDA Netlist Writer        ; 00:00:03     ; 1.0                     ; 411 MB              ; 00:00:02                           ;
; Total                     ; 00:01:08     ; --                      ; --                  ; 00:00:59                           ;
+---------------------------+--------------+-------------------------+---------------------+------------------------------------+


+----------------------------------------------------------------------------------------+
; Flow OS Summary                                                                        ;
+---------------------------+------------------+-----------+------------+----------------+
; Module Name               ; Machine Hostname ; OS Name   ; OS Version ; Processor type ;
+---------------------------+------------------+-----------+------------+----------------+
; Analysis & Synthesis      ; theyeman         ; Windows 7 ; 6.2        ; x86_64         ;
; Fitter                    ; theyeman         ; Windows 7 ; 6.2        ; x86_64         ;
; Assembler                 ; theyeman         ; Windows 7 ; 6.2        ; x86_64         ;
; TimeQuest Timing Analyzer ; theyeman         ; Windows 7 ; 6.2        ; x86_64         ;
; EDA Netlist Writer        ; theyeman         ; Windows 7 ; 6.2        ; x86_64         ;
+---------------------------+------------------+-----------+------------+----------------+


------------
; Flow Log ;
------------
quartus_map --read_settings_files=on --write_settings_files=off g08_lab3 -c g08_lab3
quartus_fit --read_settings_files=off --write_settings_files=off g08_lab3 -c g08_lab3
quartus_asm --read_settings_files=off --write_settings_files=off g08_lab3 -c g08_lab3
quartus_sta g08_lab3 -c g08_lab3
quartus_eda --read_settings_files=off --write_settings_files=off g08_lab3 -c g08_lab3



