Simulator report for g08_lab3
Wed Nov 01 17:28:16 2017
Quartus II 64-Bit Version 13.0.0 Build 156 04/24/2013 SJ Web Edition


---------------------
; Table of Contents ;
---------------------
  1. Legal Notice
  2. Simulator Summary
  3. Simulator Settings
  4. Simulation Waveforms
  5. Coverage Summary
  6. Complete 1/0-Value Coverage
  7. Missing 1-Value Coverage
  8. Missing 0-Value Coverage
  9. Simulator INI Usage
 10. Simulator Messages



----------------
; Legal Notice ;
----------------
Copyright (C) 1991-2013 Altera Corporation
Your use of Altera Corporation's design tools, logic functions 
and other software and tools, and its AMPP partner logic 
functions, and any output files from any of the foregoing 
(including device programming or simulation files), and any 
associated documentation or information are expressly subject 
to the terms and conditions of the Altera Program License 
Subscription Agreement, Altera MegaCore Function License 
Agreement, or other applicable license agreement, including, 
without limitation, that your use is for the sole purpose of 
programming logic devices manufactured by Altera and sold by 
Altera or its authorized distributors.  Please refer to the 
applicable agreement for further details.



+--------------------------------------------+
; Simulator Summary                          ;
+-----------------------------+--------------+
; Type                        ; Value        ;
+-----------------------------+--------------+
; Simulation Start Time       ; 0 ps         ;
; Simulation End Time         ; 100.0 us     ;
; Simulation Netlist Size     ; 112 nodes    ;
; Simulation Coverage         ;      65.91 % ;
; Total Number of Transitions ; 84933        ;
; Simulation Breakpoints      ; 0            ;
; Family                      ; Cyclone II   ;
+-----------------------------+--------------+


+--------------------------------------------------------------------------------------------------------------------------------------------------------------------------------------------------------------------------------+
; Simulator Settings                                                                                                                                                                                                             ;
+--------------------------------------------------------------------------------------------+-------------------------------------------------------------------------------------------------------------------+---------------+
; Option                                                                                     ; Setting                                                                                                           ; Default Value ;
+--------------------------------------------------------------------------------------------+-------------------------------------------------------------------------------------------------------------------+---------------+
; Simulation mode                                                                            ; Functional                                                                                                        ; Timing        ;
; Start time                                                                                 ; 0 ns                                                                                                              ; 0 ns          ;
; Simulation results format                                                                  ; VWF                                                                                                               ;               ;
; Vector input source                                                                        ; C:/Users/Frank/Desktop/My Stuff/School Files/Semester 5/ECSE 323/Labs/Assignments/g08_lab3/g08_pulseGenerator.vwf ;               ;
; Add pins automatically to simulation output waveforms                                      ; On                                                                                                                ; On            ;
; Check outputs                                                                              ; Off                                                                                                               ; Off           ;
; Report simulation coverage                                                                 ; On                                                                                                                ; On            ;
; Display complete 1/0 value coverage report                                                 ; On                                                                                                                ; On            ;
; Display missing 1-value coverage report                                                    ; On                                                                                                                ; On            ;
; Display missing 0-value coverage report                                                    ; On                                                                                                                ; On            ;
; Detect setup and hold time violations                                                      ; Off                                                                                                               ; Off           ;
; Detect glitches                                                                            ; Off                                                                                                               ; Off           ;
; Disable timing delays in Timing Simulation                                                 ; Off                                                                                                               ; Off           ;
; Generate Signal Activity File                                                              ; Off                                                                                                               ; Off           ;
; Generate VCD File for PowerPlay Power Analyzer                                             ; Off                                                                                                               ; Off           ;
; Group bus channels in simulation results                                                   ; Off                                                                                                               ; Off           ;
; Preserve fewer signal transitions to reduce memory requirements                            ; On                                                                                                                ; On            ;
; Trigger vector comparison with the specified mode                                          ; INPUT_EDGE                                                                                                        ; INPUT_EDGE    ;
; Disable setup and hold time violations detection in input registers of bi-directional pins ; Off                                                                                                               ; Off           ;
; Overwrite Waveform Inputs With Simulation Outputs                                          ; Off                                                                                                               ;               ;
; Perform Glitch Filtering in Timing Simulation                                              ; Auto                                                                                                              ; Auto          ;
+--------------------------------------------------------------------------------------------+-------------------------------------------------------------------------------------------------------------------+---------------+


+----------------------+
; Simulation Waveforms ;
+----------------------+
Waveform report data cannot be output to ASCII.
Please use Quartus II 64-Bit to view the waveform report data.


+--------------------------------------------------------------------+
; Coverage Summary                                                   ;
+-----------------------------------------------------+--------------+
; Type                                                ; Value        ;
+-----------------------------------------------------+--------------+
; Total coverage as a percentage                      ;      65.91 % ;
; Total nodes checked                                 ; 112          ;
; Total output ports checked                          ; 132          ;
; Total output ports with complete 1/0-value coverage ; 87           ;
; Total output ports with no 1/0-value coverage       ; 45           ;
; Total output ports with no 1-value coverage         ; 45           ;
; Total output ports with no 0-value coverage         ; 45           ;
+-----------------------------------------------------+--------------+


The following table displays output ports that toggle between 1 and 0 during simulation.
+-----------------------------------------------------------------------------------------------------------------------------------------------------------------------------------------------------------------------------------------------------------------------+
; Complete 1/0-Value Coverage                                                                                                                                                                                                                                           ;
+------------------------------------------------------------------------------------------------------------------------+---------------------------------------------------------------------------------------------------------------------------+------------------+
; Node Name                                                                                                              ; Output Port Name                                                                                                          ; Output Port Type ;
+------------------------------------------------------------------------------------------------------------------------+---------------------------------------------------------------------------------------------------------------------------+------------------+
; |g08_pulseGenerator|PULSE_EN                                                                                           ; |g08_pulseGenerator|PULSE_EN                                                                                              ; pin_out          ;
; |g08_pulseGenerator|counter[10]                                                                                        ; |g08_pulseGenerator|counter[10]                                                                                           ; pin_out          ;
; |g08_pulseGenerator|counter[9]                                                                                         ; |g08_pulseGenerator|counter[9]                                                                                            ; pin_out          ;
; |g08_pulseGenerator|counter[8]                                                                                         ; |g08_pulseGenerator|counter[8]                                                                                            ; pin_out          ;
; |g08_pulseGenerator|counter[7]                                                                                         ; |g08_pulseGenerator|counter[7]                                                                                            ; pin_out          ;
; |g08_pulseGenerator|counter[6]                                                                                         ; |g08_pulseGenerator|counter[6]                                                                                            ; pin_out          ;
; |g08_pulseGenerator|counter[5]                                                                                         ; |g08_pulseGenerator|counter[5]                                                                                            ; pin_out          ;
; |g08_pulseGenerator|counter[4]                                                                                         ; |g08_pulseGenerator|counter[4]                                                                                            ; pin_out          ;
; |g08_pulseGenerator|counter[3]                                                                                         ; |g08_pulseGenerator|counter[3]                                                                                            ; pin_out          ;
; |g08_pulseGenerator|counter[2]                                                                                         ; |g08_pulseGenerator|counter[2]                                                                                            ; pin_out          ;
; |g08_pulseGenerator|counter[1]                                                                                         ; |g08_pulseGenerator|counter[1]                                                                                            ; pin_out          ;
; |g08_pulseGenerator|counter[0]                                                                                         ; |g08_pulseGenerator|counter[0]                                                                                            ; pin_out          ;
; |g08_pulseGenerator|CLK                                                                                                ; |g08_pulseGenerator|CLK                                                                                                   ; out              ;
; |g08_pulseGenerator|inst10                                                                                             ; |g08_pulseGenerator|inst10                                                                                                ; out0             ;
; |g08_pulseGenerator|inst9                                                                                              ; |g08_pulseGenerator|inst9                                                                                                 ; out0             ;
; |g08_pulseGenerator|BUTTON                                                                                             ; |g08_pulseGenerator|BUTTON                                                                                                ; out              ;
; |g08_pulseGenerator|lpm_compare2:inst7|lpm_compare:LPM_COMPARE_component|cmpr_3oi:auto_generated|aneb_result_wire[0]~0 ; |g08_pulseGenerator|lpm_compare2:inst7|lpm_compare:LPM_COMPARE_component|cmpr_3oi:auto_generated|aneb_result_wire[0]~0    ; out0             ;
; |g08_pulseGenerator|lpm_compare2:inst7|lpm_compare:LPM_COMPARE_component|cmpr_3oi:auto_generated|aneb_result_wire[0]   ; |g08_pulseGenerator|lpm_compare2:inst7|lpm_compare:LPM_COMPARE_component|cmpr_3oi:auto_generated|aneb_result_wire[0]      ; out0             ;
; |g08_pulseGenerator|lpm_compare2:inst7|lpm_compare:LPM_COMPARE_component|cmpr_3oi:auto_generated|data_wire[8]          ; |g08_pulseGenerator|lpm_compare2:inst7|lpm_compare:LPM_COMPARE_component|cmpr_3oi:auto_generated|data_wire[8]             ; out0             ;
; |g08_pulseGenerator|lpm_compare2:inst7|lpm_compare:LPM_COMPARE_component|cmpr_3oi:auto_generated|data_wire[7]          ; |g08_pulseGenerator|lpm_compare2:inst7|lpm_compare:LPM_COMPARE_component|cmpr_3oi:auto_generated|data_wire[7]             ; out0             ;
; |g08_pulseGenerator|lpm_compare2:inst7|lpm_compare:LPM_COMPARE_component|cmpr_3oi:auto_generated|data_wire[6]          ; |g08_pulseGenerator|lpm_compare2:inst7|lpm_compare:LPM_COMPARE_component|cmpr_3oi:auto_generated|data_wire[6]             ; out0             ;
; |g08_pulseGenerator|lpm_compare2:inst7|lpm_compare:LPM_COMPARE_component|cmpr_3oi:auto_generated|data_wire[5]          ; |g08_pulseGenerator|lpm_compare2:inst7|lpm_compare:LPM_COMPARE_component|cmpr_3oi:auto_generated|data_wire[5]             ; out0             ;
; |g08_pulseGenerator|lpm_compare2:inst7|lpm_compare:LPM_COMPARE_component|cmpr_3oi:auto_generated|data_wire[4]          ; |g08_pulseGenerator|lpm_compare2:inst7|lpm_compare:LPM_COMPARE_component|cmpr_3oi:auto_generated|data_wire[4]             ; out0             ;
; |g08_pulseGenerator|lpm_compare2:inst7|lpm_compare:LPM_COMPARE_component|cmpr_3oi:auto_generated|data_wire[3]          ; |g08_pulseGenerator|lpm_compare2:inst7|lpm_compare:LPM_COMPARE_component|cmpr_3oi:auto_generated|data_wire[3]             ; out0             ;
; |g08_pulseGenerator|lpm_compare2:inst7|lpm_compare:LPM_COMPARE_component|cmpr_3oi:auto_generated|_~0                   ; |g08_pulseGenerator|lpm_compare2:inst7|lpm_compare:LPM_COMPARE_component|cmpr_3oi:auto_generated|_~0                      ; out0             ;
; |g08_pulseGenerator|lpm_compare2:inst7|lpm_compare:LPM_COMPARE_component|cmpr_3oi:auto_generated|data_wire[1]~21       ; |g08_pulseGenerator|lpm_compare2:inst7|lpm_compare:LPM_COMPARE_component|cmpr_3oi:auto_generated|data_wire[1]~21          ; out0             ;
; |g08_pulseGenerator|lpm_compare2:inst7|lpm_compare:LPM_COMPARE_component|cmpr_3oi:auto_generated|data_wire[1]          ; |g08_pulseGenerator|lpm_compare2:inst7|lpm_compare:LPM_COMPARE_component|cmpr_3oi:auto_generated|data_wire[1]             ; out0             ;
; |g08_pulseGenerator|lpm_compare2:inst7|lpm_compare:LPM_COMPARE_component|cmpr_3oi:auto_generated|_~1                   ; |g08_pulseGenerator|lpm_compare2:inst7|lpm_compare:LPM_COMPARE_component|cmpr_3oi:auto_generated|_~1                      ; out0             ;
; |g08_pulseGenerator|lpm_compare2:inst7|lpm_compare:LPM_COMPARE_component|cmpr_3oi:auto_generated|data_wire[0]~22       ; |g08_pulseGenerator|lpm_compare2:inst7|lpm_compare:LPM_COMPARE_component|cmpr_3oi:auto_generated|data_wire[0]~22          ; out0             ;
; |g08_pulseGenerator|lpm_compare2:inst7|lpm_compare:LPM_COMPARE_component|cmpr_3oi:auto_generated|data_wire[0]          ; |g08_pulseGenerator|lpm_compare2:inst7|lpm_compare:LPM_COMPARE_component|cmpr_3oi:auto_generated|data_wire[0]             ; out0             ;
; |g08_pulseGenerator|lpm_counter1:inst3|lpm_counter:LPM_COUNTER_component|cntr_ipi:auto_generated|counter_comb_bita0    ; |g08_pulseGenerator|lpm_counter1:inst3|lpm_counter:LPM_COUNTER_component|cntr_ipi:auto_generated|counter_comb_bita0       ; combout          ;
; |g08_pulseGenerator|lpm_counter1:inst3|lpm_counter:LPM_COUNTER_component|cntr_ipi:auto_generated|counter_comb_bita0    ; |g08_pulseGenerator|lpm_counter1:inst3|lpm_counter:LPM_COUNTER_component|cntr_ipi:auto_generated|counter_comb_bita0~COUT  ; cout             ;
; |g08_pulseGenerator|lpm_counter1:inst3|lpm_counter:LPM_COUNTER_component|cntr_ipi:auto_generated|counter_comb_bita1    ; |g08_pulseGenerator|lpm_counter1:inst3|lpm_counter:LPM_COUNTER_component|cntr_ipi:auto_generated|counter_comb_bita1       ; combout          ;
; |g08_pulseGenerator|lpm_counter1:inst3|lpm_counter:LPM_COUNTER_component|cntr_ipi:auto_generated|counter_comb_bita1    ; |g08_pulseGenerator|lpm_counter1:inst3|lpm_counter:LPM_COUNTER_component|cntr_ipi:auto_generated|counter_comb_bita1~COUT  ; cout             ;
; |g08_pulseGenerator|lpm_counter1:inst3|lpm_counter:LPM_COUNTER_component|cntr_ipi:auto_generated|counter_comb_bita2    ; |g08_pulseGenerator|lpm_counter1:inst3|lpm_counter:LPM_COUNTER_component|cntr_ipi:auto_generated|counter_comb_bita2       ; combout          ;
; |g08_pulseGenerator|lpm_counter1:inst3|lpm_counter:LPM_COUNTER_component|cntr_ipi:auto_generated|counter_comb_bita2    ; |g08_pulseGenerator|lpm_counter1:inst3|lpm_counter:LPM_COUNTER_component|cntr_ipi:auto_generated|counter_comb_bita2~COUT  ; cout             ;
; |g08_pulseGenerator|lpm_counter1:inst3|lpm_counter:LPM_COUNTER_component|cntr_ipi:auto_generated|counter_comb_bita3    ; |g08_pulseGenerator|lpm_counter1:inst3|lpm_counter:LPM_COUNTER_component|cntr_ipi:auto_generated|counter_comb_bita3       ; combout          ;
; |g08_pulseGenerator|lpm_counter1:inst3|lpm_counter:LPM_COUNTER_component|cntr_ipi:auto_generated|counter_comb_bita3    ; |g08_pulseGenerator|lpm_counter1:inst3|lpm_counter:LPM_COUNTER_component|cntr_ipi:auto_generated|counter_comb_bita3~COUT  ; cout             ;
; |g08_pulseGenerator|lpm_counter1:inst3|lpm_counter:LPM_COUNTER_component|cntr_ipi:auto_generated|counter_comb_bita4    ; |g08_pulseGenerator|lpm_counter1:inst3|lpm_counter:LPM_COUNTER_component|cntr_ipi:auto_generated|counter_comb_bita4       ; combout          ;
; |g08_pulseGenerator|lpm_counter1:inst3|lpm_counter:LPM_COUNTER_component|cntr_ipi:auto_generated|counter_comb_bita4    ; |g08_pulseGenerator|lpm_counter1:inst3|lpm_counter:LPM_COUNTER_component|cntr_ipi:auto_generated|counter_comb_bita4~COUT  ; cout             ;
; |g08_pulseGenerator|lpm_counter1:inst3|lpm_counter:LPM_COUNTER_component|cntr_ipi:auto_generated|counter_comb_bita5    ; |g08_pulseGenerator|lpm_counter1:inst3|lpm_counter:LPM_COUNTER_component|cntr_ipi:auto_generated|counter_comb_bita5       ; combout          ;
; |g08_pulseGenerator|lpm_counter1:inst3|lpm_counter:LPM_COUNTER_component|cntr_ipi:auto_generated|counter_comb_bita5    ; |g08_pulseGenerator|lpm_counter1:inst3|lpm_counter:LPM_COUNTER_component|cntr_ipi:auto_generated|counter_comb_bita5~COUT  ; cout             ;
; |g08_pulseGenerator|lpm_counter1:inst3|lpm_counter:LPM_COUNTER_component|cntr_ipi:auto_generated|counter_comb_bita6    ; |g08_pulseGenerator|lpm_counter1:inst3|lpm_counter:LPM_COUNTER_component|cntr_ipi:auto_generated|counter_comb_bita6       ; combout          ;
; |g08_pulseGenerator|lpm_counter1:inst3|lpm_counter:LPM_COUNTER_component|cntr_ipi:auto_generated|counter_comb_bita6    ; |g08_pulseGenerator|lpm_counter1:inst3|lpm_counter:LPM_COUNTER_component|cntr_ipi:auto_generated|counter_comb_bita6~COUT  ; cout             ;
; |g08_pulseGenerator|lpm_counter1:inst3|lpm_counter:LPM_COUNTER_component|cntr_ipi:auto_generated|counter_comb_bita7    ; |g08_pulseGenerator|lpm_counter1:inst3|lpm_counter:LPM_COUNTER_component|cntr_ipi:auto_generated|counter_comb_bita7       ; combout          ;
; |g08_pulseGenerator|lpm_counter1:inst3|lpm_counter:LPM_COUNTER_component|cntr_ipi:auto_generated|counter_comb_bita7    ; |g08_pulseGenerator|lpm_counter1:inst3|lpm_counter:LPM_COUNTER_component|cntr_ipi:auto_generated|counter_comb_bita7~COUT  ; cout             ;
; |g08_pulseGenerator|lpm_counter1:inst3|lpm_counter:LPM_COUNTER_component|cntr_ipi:auto_generated|counter_comb_bita8    ; |g08_pulseGenerator|lpm_counter1:inst3|lpm_counter:LPM_COUNTER_component|cntr_ipi:auto_generated|counter_comb_bita8       ; combout          ;
; |g08_pulseGenerator|lpm_counter1:inst3|lpm_counter:LPM_COUNTER_component|cntr_ipi:auto_generated|counter_comb_bita8    ; |g08_pulseGenerator|lpm_counter1:inst3|lpm_counter:LPM_COUNTER_component|cntr_ipi:auto_generated|counter_comb_bita8~COUT  ; cout             ;
; |g08_pulseGenerator|lpm_counter1:inst3|lpm_counter:LPM_COUNTER_component|cntr_ipi:auto_generated|counter_comb_bita9    ; |g08_pulseGenerator|lpm_counter1:inst3|lpm_counter:LPM_COUNTER_component|cntr_ipi:auto_generated|counter_comb_bita9       ; combout          ;
; |g08_pulseGenerator|lpm_counter1:inst3|lpm_counter:LPM_COUNTER_component|cntr_ipi:auto_generated|counter_comb_bita9    ; |g08_pulseGenerator|lpm_counter1:inst3|lpm_counter:LPM_COUNTER_component|cntr_ipi:auto_generated|counter_comb_bita9~COUT  ; cout             ;
; |g08_pulseGenerator|lpm_counter1:inst3|lpm_counter:LPM_COUNTER_component|cntr_ipi:auto_generated|counter_comb_bita10   ; |g08_pulseGenerator|lpm_counter1:inst3|lpm_counter:LPM_COUNTER_component|cntr_ipi:auto_generated|counter_comb_bita10      ; combout          ;
; |g08_pulseGenerator|lpm_counter1:inst3|lpm_counter:LPM_COUNTER_component|cntr_ipi:auto_generated|counter_comb_bita10   ; |g08_pulseGenerator|lpm_counter1:inst3|lpm_counter:LPM_COUNTER_component|cntr_ipi:auto_generated|counter_comb_bita10~COUT ; cout             ;
; |g08_pulseGenerator|lpm_counter1:inst3|lpm_counter:LPM_COUNTER_component|cntr_ipi:auto_generated|counter_comb_bita11   ; |g08_pulseGenerator|lpm_counter1:inst3|lpm_counter:LPM_COUNTER_component|cntr_ipi:auto_generated|counter_comb_bita11      ; combout          ;
; |g08_pulseGenerator|lpm_counter1:inst3|lpm_counter:LPM_COUNTER_component|cntr_ipi:auto_generated|counter_reg_bit1a[10] ; |g08_pulseGenerator|lpm_counter1:inst3|lpm_counter:LPM_COUNTER_component|cntr_ipi:auto_generated|safe_q[10]               ; regout           ;
; |g08_pulseGenerator|lpm_counter1:inst3|lpm_counter:LPM_COUNTER_component|cntr_ipi:auto_generated|counter_reg_bit1a[9]  ; |g08_pulseGenerator|lpm_counter1:inst3|lpm_counter:LPM_COUNTER_component|cntr_ipi:auto_generated|safe_q[9]                ; regout           ;
; |g08_pulseGenerator|lpm_counter1:inst3|lpm_counter:LPM_COUNTER_component|cntr_ipi:auto_generated|counter_reg_bit1a[8]  ; |g08_pulseGenerator|lpm_counter1:inst3|lpm_counter:LPM_COUNTER_component|cntr_ipi:auto_generated|safe_q[8]                ; regout           ;
; |g08_pulseGenerator|lpm_counter1:inst3|lpm_counter:LPM_COUNTER_component|cntr_ipi:auto_generated|counter_reg_bit1a[7]  ; |g08_pulseGenerator|lpm_counter1:inst3|lpm_counter:LPM_COUNTER_component|cntr_ipi:auto_generated|safe_q[7]                ; regout           ;
; |g08_pulseGenerator|lpm_counter1:inst3|lpm_counter:LPM_COUNTER_component|cntr_ipi:auto_generated|counter_reg_bit1a[6]  ; |g08_pulseGenerator|lpm_counter1:inst3|lpm_counter:LPM_COUNTER_component|cntr_ipi:auto_generated|safe_q[6]                ; regout           ;
; |g08_pulseGenerator|lpm_counter1:inst3|lpm_counter:LPM_COUNTER_component|cntr_ipi:auto_generated|counter_reg_bit1a[5]  ; |g08_pulseGenerator|lpm_counter1:inst3|lpm_counter:LPM_COUNTER_component|cntr_ipi:auto_generated|safe_q[5]                ; regout           ;
; |g08_pulseGenerator|lpm_counter1:inst3|lpm_counter:LPM_COUNTER_component|cntr_ipi:auto_generated|counter_reg_bit1a[4]  ; |g08_pulseGenerator|lpm_counter1:inst3|lpm_counter:LPM_COUNTER_component|cntr_ipi:auto_generated|safe_q[4]                ; regout           ;
; |g08_pulseGenerator|lpm_counter1:inst3|lpm_counter:LPM_COUNTER_component|cntr_ipi:auto_generated|counter_reg_bit1a[3]  ; |g08_pulseGenerator|lpm_counter1:inst3|lpm_counter:LPM_COUNTER_component|cntr_ipi:auto_generated|safe_q[3]                ; regout           ;
; |g08_pulseGenerator|lpm_counter1:inst3|lpm_counter:LPM_COUNTER_component|cntr_ipi:auto_generated|counter_reg_bit1a[2]  ; |g08_pulseGenerator|lpm_counter1:inst3|lpm_counter:LPM_COUNTER_component|cntr_ipi:auto_generated|safe_q[2]                ; regout           ;
; |g08_pulseGenerator|lpm_counter1:inst3|lpm_counter:LPM_COUNTER_component|cntr_ipi:auto_generated|counter_reg_bit1a[1]  ; |g08_pulseGenerator|lpm_counter1:inst3|lpm_counter:LPM_COUNTER_component|cntr_ipi:auto_generated|safe_q[1]                ; regout           ;
; |g08_pulseGenerator|lpm_counter1:inst3|lpm_counter:LPM_COUNTER_component|cntr_ipi:auto_generated|counter_reg_bit1a[0]  ; |g08_pulseGenerator|lpm_counter1:inst3|lpm_counter:LPM_COUNTER_component|cntr_ipi:auto_generated|safe_q[0]                ; regout           ;
; |g08_pulseGenerator|lpm_compare1:inst|lpm_compare:LPM_COMPARE_component|cmpr_bcj:auto_generated|aeb_int~0              ; |g08_pulseGenerator|lpm_compare1:inst|lpm_compare:LPM_COMPARE_component|cmpr_bcj:auto_generated|aeb_int~0                 ; out0             ;
; |g08_pulseGenerator|lpm_compare1:inst|lpm_compare:LPM_COMPARE_component|cmpr_bcj:auto_generated|aleb                   ; |g08_pulseGenerator|lpm_compare1:inst|lpm_compare:LPM_COMPARE_component|cmpr_bcj:auto_generated|aleb                      ; out0             ;
; |g08_pulseGenerator|lpm_compare1:inst|lpm_compare:LPM_COMPARE_component|cmpr_bcj:auto_generated|op_1~0                 ; |g08_pulseGenerator|lpm_compare1:inst|lpm_compare:LPM_COMPARE_component|cmpr_bcj:auto_generated|op_1~0                    ; out0             ;
; |g08_pulseGenerator|lpm_compare1:inst|lpm_compare:LPM_COMPARE_component|cmpr_bcj:auto_generated|op_1~1                 ; |g08_pulseGenerator|lpm_compare1:inst|lpm_compare:LPM_COMPARE_component|cmpr_bcj:auto_generated|op_1~1                    ; out0             ;
; |g08_pulseGenerator|lpm_compare1:inst|lpm_compare:LPM_COMPARE_component|cmpr_bcj:auto_generated|op_1~2                 ; |g08_pulseGenerator|lpm_compare1:inst|lpm_compare:LPM_COMPARE_component|cmpr_bcj:auto_generated|op_1~2                    ; out0             ;
; |g08_pulseGenerator|lpm_compare1:inst|lpm_compare:LPM_COMPARE_component|cmpr_bcj:auto_generated|op_1~3                 ; |g08_pulseGenerator|lpm_compare1:inst|lpm_compare:LPM_COMPARE_component|cmpr_bcj:auto_generated|op_1~3                    ; out0             ;
; |g08_pulseGenerator|lpm_compare1:inst|lpm_compare:LPM_COMPARE_component|cmpr_bcj:auto_generated|op_1~4                 ; |g08_pulseGenerator|lpm_compare1:inst|lpm_compare:LPM_COMPARE_component|cmpr_bcj:auto_generated|op_1~4                    ; out0             ;
; |g08_pulseGenerator|lpm_compare1:inst|lpm_compare:LPM_COMPARE_component|cmpr_bcj:auto_generated|op_1~5                 ; |g08_pulseGenerator|lpm_compare1:inst|lpm_compare:LPM_COMPARE_component|cmpr_bcj:auto_generated|op_1~5                    ; out0             ;
; |g08_pulseGenerator|lpm_compare1:inst|lpm_compare:LPM_COMPARE_component|cmpr_bcj:auto_generated|op_1~6                 ; |g08_pulseGenerator|lpm_compare1:inst|lpm_compare:LPM_COMPARE_component|cmpr_bcj:auto_generated|op_1~6                    ; out0             ;
; |g08_pulseGenerator|lpm_compare1:inst|lpm_compare:LPM_COMPARE_component|cmpr_bcj:auto_generated|op_1~7                 ; |g08_pulseGenerator|lpm_compare1:inst|lpm_compare:LPM_COMPARE_component|cmpr_bcj:auto_generated|op_1~7                    ; out0             ;
; |g08_pulseGenerator|lpm_compare1:inst|lpm_compare:LPM_COMPARE_component|cmpr_bcj:auto_generated|op_1~8                 ; |g08_pulseGenerator|lpm_compare1:inst|lpm_compare:LPM_COMPARE_component|cmpr_bcj:auto_generated|op_1~8                    ; out0             ;
; |g08_pulseGenerator|lpm_compare1:inst|lpm_compare:LPM_COMPARE_component|cmpr_bcj:auto_generated|op_1~9                 ; |g08_pulseGenerator|lpm_compare1:inst|lpm_compare:LPM_COMPARE_component|cmpr_bcj:auto_generated|op_1~9                    ; out0             ;
; |g08_pulseGenerator|lpm_compare1:inst|lpm_compare:LPM_COMPARE_component|cmpr_bcj:auto_generated|op_1~10                ; |g08_pulseGenerator|lpm_compare1:inst|lpm_compare:LPM_COMPARE_component|cmpr_bcj:auto_generated|op_1~10                   ; out0             ;
; |g08_pulseGenerator|lpm_compare1:inst|lpm_compare:LPM_COMPARE_component|cmpr_bcj:auto_generated|op_1~11                ; |g08_pulseGenerator|lpm_compare1:inst|lpm_compare:LPM_COMPARE_component|cmpr_bcj:auto_generated|op_1~11                   ; out0             ;
; |g08_pulseGenerator|lpm_compare1:inst|lpm_compare:LPM_COMPARE_component|cmpr_bcj:auto_generated|op_1~12                ; |g08_pulseGenerator|lpm_compare1:inst|lpm_compare:LPM_COMPARE_component|cmpr_bcj:auto_generated|op_1~12                   ; out0             ;
; |g08_pulseGenerator|lpm_compare1:inst|lpm_compare:LPM_COMPARE_component|cmpr_bcj:auto_generated|op_1~13                ; |g08_pulseGenerator|lpm_compare1:inst|lpm_compare:LPM_COMPARE_component|cmpr_bcj:auto_generated|op_1~13                   ; out0             ;
; |g08_pulseGenerator|lpm_compare1:inst|lpm_compare:LPM_COMPARE_component|cmpr_bcj:auto_generated|op_1~14                ; |g08_pulseGenerator|lpm_compare1:inst|lpm_compare:LPM_COMPARE_component|cmpr_bcj:auto_generated|op_1~14                   ; out0             ;
; |g08_pulseGenerator|lpm_compare1:inst|lpm_compare:LPM_COMPARE_component|cmpr_bcj:auto_generated|op_1~15                ; |g08_pulseGenerator|lpm_compare1:inst|lpm_compare:LPM_COMPARE_component|cmpr_bcj:auto_generated|op_1~15                   ; out0             ;
; |g08_pulseGenerator|lpm_compare1:inst|lpm_compare:LPM_COMPARE_component|cmpr_bcj:auto_generated|op_1~16                ; |g08_pulseGenerator|lpm_compare1:inst|lpm_compare:LPM_COMPARE_component|cmpr_bcj:auto_generated|op_1~16                   ; out0             ;
; |g08_pulseGenerator|lpm_compare1:inst|lpm_compare:LPM_COMPARE_component|cmpr_bcj:auto_generated|op_1~17                ; |g08_pulseGenerator|lpm_compare1:inst|lpm_compare:LPM_COMPARE_component|cmpr_bcj:auto_generated|op_1~17                   ; out0             ;
; |g08_pulseGenerator|lpm_compare1:inst|lpm_compare:LPM_COMPARE_component|cmpr_bcj:auto_generated|op_1~18                ; |g08_pulseGenerator|lpm_compare1:inst|lpm_compare:LPM_COMPARE_component|cmpr_bcj:auto_generated|op_1~18                   ; out0             ;
; |g08_pulseGenerator|lpm_compare1:inst|lpm_compare:LPM_COMPARE_component|cmpr_bcj:auto_generated|op_1~19                ; |g08_pulseGenerator|lpm_compare1:inst|lpm_compare:LPM_COMPARE_component|cmpr_bcj:auto_generated|op_1~19                   ; out0             ;
; |g08_pulseGenerator|lpm_compare1:inst|lpm_compare:LPM_COMPARE_component|cmpr_bcj:auto_generated|op_1~20                ; |g08_pulseGenerator|lpm_compare1:inst|lpm_compare:LPM_COMPARE_component|cmpr_bcj:auto_generated|op_1~20                   ; out0             ;
+------------------------------------------------------------------------------------------------------------------------+---------------------------------------------------------------------------------------------------------------------------+------------------+


The following table displays output ports that do not toggle to 1 during simulation.
+-----------------------------------------------------------------------------------------------------------------------------------------------------------------------------------------------------------------------------------------------------------------------+
; Missing 1-Value Coverage                                                                                                                                                                                                                                              ;
+------------------------------------------------------------------------------------------------------------------------+---------------------------------------------------------------------------------------------------------------------------+------------------+
; Node Name                                                                                                              ; Output Port Name                                                                                                          ; Output Port Type ;
+------------------------------------------------------------------------------------------------------------------------+---------------------------------------------------------------------------------------------------------------------------+------------------+
; |g08_pulseGenerator|counter[20]                                                                                        ; |g08_pulseGenerator|counter[20]                                                                                           ; pin_out          ;
; |g08_pulseGenerator|counter[19]                                                                                        ; |g08_pulseGenerator|counter[19]                                                                                           ; pin_out          ;
; |g08_pulseGenerator|counter[18]                                                                                        ; |g08_pulseGenerator|counter[18]                                                                                           ; pin_out          ;
; |g08_pulseGenerator|counter[17]                                                                                        ; |g08_pulseGenerator|counter[17]                                                                                           ; pin_out          ;
; |g08_pulseGenerator|counter[16]                                                                                        ; |g08_pulseGenerator|counter[16]                                                                                           ; pin_out          ;
; |g08_pulseGenerator|counter[15]                                                                                        ; |g08_pulseGenerator|counter[15]                                                                                           ; pin_out          ;
; |g08_pulseGenerator|counter[14]                                                                                        ; |g08_pulseGenerator|counter[14]                                                                                           ; pin_out          ;
; |g08_pulseGenerator|counter[13]                                                                                        ; |g08_pulseGenerator|counter[13]                                                                                           ; pin_out          ;
; |g08_pulseGenerator|counter[12]                                                                                        ; |g08_pulseGenerator|counter[12]                                                                                           ; pin_out          ;
; |g08_pulseGenerator|counter[11]                                                                                        ; |g08_pulseGenerator|counter[11]                                                                                           ; pin_out          ;
; |g08_pulseGenerator|lpm_compare2:inst7|lpm_compare:LPM_COMPARE_component|cmpr_3oi:auto_generated|data_wire[12]         ; |g08_pulseGenerator|lpm_compare2:inst7|lpm_compare:LPM_COMPARE_component|cmpr_3oi:auto_generated|data_wire[12]            ; out0             ;
; |g08_pulseGenerator|lpm_compare2:inst7|lpm_compare:LPM_COMPARE_component|cmpr_3oi:auto_generated|data_wire[11]         ; |g08_pulseGenerator|lpm_compare2:inst7|lpm_compare:LPM_COMPARE_component|cmpr_3oi:auto_generated|data_wire[11]            ; out0             ;
; |g08_pulseGenerator|lpm_compare2:inst7|lpm_compare:LPM_COMPARE_component|cmpr_3oi:auto_generated|data_wire[10]         ; |g08_pulseGenerator|lpm_compare2:inst7|lpm_compare:LPM_COMPARE_component|cmpr_3oi:auto_generated|data_wire[10]            ; out0             ;
; |g08_pulseGenerator|lpm_compare2:inst7|lpm_compare:LPM_COMPARE_component|cmpr_3oi:auto_generated|data_wire[9]          ; |g08_pulseGenerator|lpm_compare2:inst7|lpm_compare:LPM_COMPARE_component|cmpr_3oi:auto_generated|data_wire[9]             ; out0             ;
; |g08_pulseGenerator|lpm_compare2:inst7|lpm_compare:LPM_COMPARE_component|cmpr_3oi:auto_generated|data_wire[2]~20       ; |g08_pulseGenerator|lpm_compare2:inst7|lpm_compare:LPM_COMPARE_component|cmpr_3oi:auto_generated|data_wire[2]~20          ; out0             ;
; |g08_pulseGenerator|lpm_compare2:inst7|lpm_compare:LPM_COMPARE_component|cmpr_3oi:auto_generated|data_wire[2]          ; |g08_pulseGenerator|lpm_compare2:inst7|lpm_compare:LPM_COMPARE_component|cmpr_3oi:auto_generated|data_wire[2]             ; out0             ;
; |g08_pulseGenerator|lpm_counter1:inst3|lpm_counter:LPM_COUNTER_component|cntr_ipi:auto_generated|_~2                   ; |g08_pulseGenerator|lpm_counter1:inst3|lpm_counter:LPM_COUNTER_component|cntr_ipi:auto_generated|_~2                      ; out0             ;
; |g08_pulseGenerator|lpm_counter1:inst3|lpm_counter:LPM_COUNTER_component|cntr_ipi:auto_generated|counter_comb_bita11   ; |g08_pulseGenerator|lpm_counter1:inst3|lpm_counter:LPM_COUNTER_component|cntr_ipi:auto_generated|counter_comb_bita11~COUT ; cout             ;
; |g08_pulseGenerator|lpm_counter1:inst3|lpm_counter:LPM_COUNTER_component|cntr_ipi:auto_generated|counter_comb_bita12   ; |g08_pulseGenerator|lpm_counter1:inst3|lpm_counter:LPM_COUNTER_component|cntr_ipi:auto_generated|counter_comb_bita12      ; combout          ;
; |g08_pulseGenerator|lpm_counter1:inst3|lpm_counter:LPM_COUNTER_component|cntr_ipi:auto_generated|counter_comb_bita12   ; |g08_pulseGenerator|lpm_counter1:inst3|lpm_counter:LPM_COUNTER_component|cntr_ipi:auto_generated|counter_comb_bita12~COUT ; cout             ;
; |g08_pulseGenerator|lpm_counter1:inst3|lpm_counter:LPM_COUNTER_component|cntr_ipi:auto_generated|counter_comb_bita13   ; |g08_pulseGenerator|lpm_counter1:inst3|lpm_counter:LPM_COUNTER_component|cntr_ipi:auto_generated|counter_comb_bita13      ; combout          ;
; |g08_pulseGenerator|lpm_counter1:inst3|lpm_counter:LPM_COUNTER_component|cntr_ipi:auto_generated|counter_comb_bita13   ; |g08_pulseGenerator|lpm_counter1:inst3|lpm_counter:LPM_COUNTER_component|cntr_ipi:auto_generated|counter_comb_bita13~COUT ; cout             ;
; |g08_pulseGenerator|lpm_counter1:inst3|lpm_counter:LPM_COUNTER_component|cntr_ipi:auto_generated|counter_comb_bita14   ; |g08_pulseGenerator|lpm_counter1:inst3|lpm_counter:LPM_COUNTER_component|cntr_ipi:auto_generated|counter_comb_bita14      ; combout          ;
; |g08_pulseGenerator|lpm_counter1:inst3|lpm_counter:LPM_COUNTER_component|cntr_ipi:auto_generated|counter_comb_bita14   ; |g08_pulseGenerator|lpm_counter1:inst3|lpm_counter:LPM_COUNTER_component|cntr_ipi:auto_generated|counter_comb_bita14~COUT ; cout             ;
; |g08_pulseGenerator|lpm_counter1:inst3|lpm_counter:LPM_COUNTER_component|cntr_ipi:auto_generated|counter_comb_bita15   ; |g08_pulseGenerator|lpm_counter1:inst3|lpm_counter:LPM_COUNTER_component|cntr_ipi:auto_generated|counter_comb_bita15      ; combout          ;
; |g08_pulseGenerator|lpm_counter1:inst3|lpm_counter:LPM_COUNTER_component|cntr_ipi:auto_generated|counter_comb_bita15   ; |g08_pulseGenerator|lpm_counter1:inst3|lpm_counter:LPM_COUNTER_component|cntr_ipi:auto_generated|counter_comb_bita15~COUT ; cout             ;
; |g08_pulseGenerator|lpm_counter1:inst3|lpm_counter:LPM_COUNTER_component|cntr_ipi:auto_generated|counter_comb_bita16   ; |g08_pulseGenerator|lpm_counter1:inst3|lpm_counter:LPM_COUNTER_component|cntr_ipi:auto_generated|counter_comb_bita16      ; combout          ;
; |g08_pulseGenerator|lpm_counter1:inst3|lpm_counter:LPM_COUNTER_component|cntr_ipi:auto_generated|counter_comb_bita16   ; |g08_pulseGenerator|lpm_counter1:inst3|lpm_counter:LPM_COUNTER_component|cntr_ipi:auto_generated|counter_comb_bita16~COUT ; cout             ;
; |g08_pulseGenerator|lpm_counter1:inst3|lpm_counter:LPM_COUNTER_component|cntr_ipi:auto_generated|counter_comb_bita17   ; |g08_pulseGenerator|lpm_counter1:inst3|lpm_counter:LPM_COUNTER_component|cntr_ipi:auto_generated|counter_comb_bita17      ; combout          ;
; |g08_pulseGenerator|lpm_counter1:inst3|lpm_counter:LPM_COUNTER_component|cntr_ipi:auto_generated|counter_comb_bita17   ; |g08_pulseGenerator|lpm_counter1:inst3|lpm_counter:LPM_COUNTER_component|cntr_ipi:auto_generated|counter_comb_bita17~COUT ; cout             ;
; |g08_pulseGenerator|lpm_counter1:inst3|lpm_counter:LPM_COUNTER_component|cntr_ipi:auto_generated|counter_comb_bita18   ; |g08_pulseGenerator|lpm_counter1:inst3|lpm_counter:LPM_COUNTER_component|cntr_ipi:auto_generated|counter_comb_bita18      ; combout          ;
; |g08_pulseGenerator|lpm_counter1:inst3|lpm_counter:LPM_COUNTER_component|cntr_ipi:auto_generated|counter_comb_bita18   ; |g08_pulseGenerator|lpm_counter1:inst3|lpm_counter:LPM_COUNTER_component|cntr_ipi:auto_generated|counter_comb_bita18~COUT ; cout             ;
; |g08_pulseGenerator|lpm_counter1:inst3|lpm_counter:LPM_COUNTER_component|cntr_ipi:auto_generated|counter_comb_bita19   ; |g08_pulseGenerator|lpm_counter1:inst3|lpm_counter:LPM_COUNTER_component|cntr_ipi:auto_generated|counter_comb_bita19      ; combout          ;
; |g08_pulseGenerator|lpm_counter1:inst3|lpm_counter:LPM_COUNTER_component|cntr_ipi:auto_generated|counter_comb_bita19   ; |g08_pulseGenerator|lpm_counter1:inst3|lpm_counter:LPM_COUNTER_component|cntr_ipi:auto_generated|counter_comb_bita19~COUT ; cout             ;
; |g08_pulseGenerator|lpm_counter1:inst3|lpm_counter:LPM_COUNTER_component|cntr_ipi:auto_generated|counter_comb_bita20   ; |g08_pulseGenerator|lpm_counter1:inst3|lpm_counter:LPM_COUNTER_component|cntr_ipi:auto_generated|counter_comb_bita20      ; combout          ;
; |g08_pulseGenerator|lpm_counter1:inst3|lpm_counter:LPM_COUNTER_component|cntr_ipi:auto_generated|counter_reg_bit1a[20] ; |g08_pulseGenerator|lpm_counter1:inst3|lpm_counter:LPM_COUNTER_component|cntr_ipi:auto_generated|safe_q[20]               ; regout           ;
; |g08_pulseGenerator|lpm_counter1:inst3|lpm_counter:LPM_COUNTER_component|cntr_ipi:auto_generated|counter_reg_bit1a[19] ; |g08_pulseGenerator|lpm_counter1:inst3|lpm_counter:LPM_COUNTER_component|cntr_ipi:auto_generated|safe_q[19]               ; regout           ;
; |g08_pulseGenerator|lpm_counter1:inst3|lpm_counter:LPM_COUNTER_component|cntr_ipi:auto_generated|counter_reg_bit1a[18] ; |g08_pulseGenerator|lpm_counter1:inst3|lpm_counter:LPM_COUNTER_component|cntr_ipi:auto_generated|safe_q[18]               ; regout           ;
; |g08_pulseGenerator|lpm_counter1:inst3|lpm_counter:LPM_COUNTER_component|cntr_ipi:auto_generated|counter_reg_bit1a[17] ; |g08_pulseGenerator|lpm_counter1:inst3|lpm_counter:LPM_COUNTER_component|cntr_ipi:auto_generated|safe_q[17]               ; regout           ;
; |g08_pulseGenerator|lpm_counter1:inst3|lpm_counter:LPM_COUNTER_component|cntr_ipi:auto_generated|counter_reg_bit1a[16] ; |g08_pulseGenerator|lpm_counter1:inst3|lpm_counter:LPM_COUNTER_component|cntr_ipi:auto_generated|safe_q[16]               ; regout           ;
; |g08_pulseGenerator|lpm_counter1:inst3|lpm_counter:LPM_COUNTER_component|cntr_ipi:auto_generated|counter_reg_bit1a[15] ; |g08_pulseGenerator|lpm_counter1:inst3|lpm_counter:LPM_COUNTER_component|cntr_ipi:auto_generated|safe_q[15]               ; regout           ;
; |g08_pulseGenerator|lpm_counter1:inst3|lpm_counter:LPM_COUNTER_component|cntr_ipi:auto_generated|counter_reg_bit1a[14] ; |g08_pulseGenerator|lpm_counter1:inst3|lpm_counter:LPM_COUNTER_component|cntr_ipi:auto_generated|safe_q[14]               ; regout           ;
; |g08_pulseGenerator|lpm_counter1:inst3|lpm_counter:LPM_COUNTER_component|cntr_ipi:auto_generated|counter_reg_bit1a[13] ; |g08_pulseGenerator|lpm_counter1:inst3|lpm_counter:LPM_COUNTER_component|cntr_ipi:auto_generated|safe_q[13]               ; regout           ;
; |g08_pulseGenerator|lpm_counter1:inst3|lpm_counter:LPM_COUNTER_component|cntr_ipi:auto_generated|counter_reg_bit1a[12] ; |g08_pulseGenerator|lpm_counter1:inst3|lpm_counter:LPM_COUNTER_component|cntr_ipi:auto_generated|safe_q[12]               ; regout           ;
; |g08_pulseGenerator|lpm_counter1:inst3|lpm_counter:LPM_COUNTER_component|cntr_ipi:auto_generated|counter_reg_bit1a[11] ; |g08_pulseGenerator|lpm_counter1:inst3|lpm_counter:LPM_COUNTER_component|cntr_ipi:auto_generated|safe_q[11]               ; regout           ;
+------------------------------------------------------------------------------------------------------------------------+---------------------------------------------------------------------------------------------------------------------------+------------------+


The following table displays output ports that do not toggle to 0 during simulation.
+-----------------------------------------------------------------------------------------------------------------------------------------------------------------------------------------------------------------------------------------------------------------------+
; Missing 0-Value Coverage                                                                                                                                                                                                                                              ;
+------------------------------------------------------------------------------------------------------------------------+---------------------------------------------------------------------------------------------------------------------------+------------------+
; Node Name                                                                                                              ; Output Port Name                                                                                                          ; Output Port Type ;
+------------------------------------------------------------------------------------------------------------------------+---------------------------------------------------------------------------------------------------------------------------+------------------+
; |g08_pulseGenerator|counter[20]                                                                                        ; |g08_pulseGenerator|counter[20]                                                                                           ; pin_out          ;
; |g08_pulseGenerator|counter[19]                                                                                        ; |g08_pulseGenerator|counter[19]                                                                                           ; pin_out          ;
; |g08_pulseGenerator|counter[18]                                                                                        ; |g08_pulseGenerator|counter[18]                                                                                           ; pin_out          ;
; |g08_pulseGenerator|counter[17]                                                                                        ; |g08_pulseGenerator|counter[17]                                                                                           ; pin_out          ;
; |g08_pulseGenerator|counter[16]                                                                                        ; |g08_pulseGenerator|counter[16]                                                                                           ; pin_out          ;
; |g08_pulseGenerator|counter[15]                                                                                        ; |g08_pulseGenerator|counter[15]                                                                                           ; pin_out          ;
; |g08_pulseGenerator|counter[14]                                                                                        ; |g08_pulseGenerator|counter[14]                                                                                           ; pin_out          ;
; |g08_pulseGenerator|counter[13]                                                                                        ; |g08_pulseGenerator|counter[13]                                                                                           ; pin_out          ;
; |g08_pulseGenerator|counter[12]                                                                                        ; |g08_pulseGenerator|counter[12]                                                                                           ; pin_out          ;
; |g08_pulseGenerator|counter[11]                                                                                        ; |g08_pulseGenerator|counter[11]                                                                                           ; pin_out          ;
; |g08_pulseGenerator|lpm_compare2:inst7|lpm_compare:LPM_COMPARE_component|cmpr_3oi:auto_generated|data_wire[12]         ; |g08_pulseGenerator|lpm_compare2:inst7|lpm_compare:LPM_COMPARE_component|cmpr_3oi:auto_generated|data_wire[12]            ; out0             ;
; |g08_pulseGenerator|lpm_compare2:inst7|lpm_compare:LPM_COMPARE_component|cmpr_3oi:auto_generated|data_wire[11]         ; |g08_pulseGenerator|lpm_compare2:inst7|lpm_compare:LPM_COMPARE_component|cmpr_3oi:auto_generated|data_wire[11]            ; out0             ;
; |g08_pulseGenerator|lpm_compare2:inst7|lpm_compare:LPM_COMPARE_component|cmpr_3oi:auto_generated|data_wire[10]         ; |g08_pulseGenerator|lpm_compare2:inst7|lpm_compare:LPM_COMPARE_component|cmpr_3oi:auto_generated|data_wire[10]            ; out0             ;
; |g08_pulseGenerator|lpm_compare2:inst7|lpm_compare:LPM_COMPARE_component|cmpr_3oi:auto_generated|data_wire[9]          ; |g08_pulseGenerator|lpm_compare2:inst7|lpm_compare:LPM_COMPARE_component|cmpr_3oi:auto_generated|data_wire[9]             ; out0             ;
; |g08_pulseGenerator|lpm_compare2:inst7|lpm_compare:LPM_COMPARE_component|cmpr_3oi:auto_generated|data_wire[2]~20       ; |g08_pulseGenerator|lpm_compare2:inst7|lpm_compare:LPM_COMPARE_component|cmpr_3oi:auto_generated|data_wire[2]~20          ; out0             ;
; |g08_pulseGenerator|lpm_compare2:inst7|lpm_compare:LPM_COMPARE_component|cmpr_3oi:auto_generated|data_wire[2]          ; |g08_pulseGenerator|lpm_compare2:inst7|lpm_compare:LPM_COMPARE_component|cmpr_3oi:auto_generated|data_wire[2]             ; out0             ;
; |g08_pulseGenerator|lpm_counter1:inst3|lpm_counter:LPM_COUNTER_component|cntr_ipi:auto_generated|_~2                   ; |g08_pulseGenerator|lpm_counter1:inst3|lpm_counter:LPM_COUNTER_component|cntr_ipi:auto_generated|_~2                      ; out0             ;
; |g08_pulseGenerator|lpm_counter1:inst3|lpm_counter:LPM_COUNTER_component|cntr_ipi:auto_generated|counter_comb_bita11   ; |g08_pulseGenerator|lpm_counter1:inst3|lpm_counter:LPM_COUNTER_component|cntr_ipi:auto_generated|counter_comb_bita11~COUT ; cout             ;
; |g08_pulseGenerator|lpm_counter1:inst3|lpm_counter:LPM_COUNTER_component|cntr_ipi:auto_generated|counter_comb_bita12   ; |g08_pulseGenerator|lpm_counter1:inst3|lpm_counter:LPM_COUNTER_component|cntr_ipi:auto_generated|counter_comb_bita12      ; combout          ;
; |g08_pulseGenerator|lpm_counter1:inst3|lpm_counter:LPM_COUNTER_component|cntr_ipi:auto_generated|counter_comb_bita12   ; |g08_pulseGenerator|lpm_counter1:inst3|lpm_counter:LPM_COUNTER_component|cntr_ipi:auto_generated|counter_comb_bita12~COUT ; cout             ;
; |g08_pulseGenerator|lpm_counter1:inst3|lpm_counter:LPM_COUNTER_component|cntr_ipi:auto_generated|counter_comb_bita13   ; |g08_pulseGenerator|lpm_counter1:inst3|lpm_counter:LPM_COUNTER_component|cntr_ipi:auto_generated|counter_comb_bita13      ; combout          ;
; |g08_pulseGenerator|lpm_counter1:inst3|lpm_counter:LPM_COUNTER_component|cntr_ipi:auto_generated|counter_comb_bita13   ; |g08_pulseGenerator|lpm_counter1:inst3|lpm_counter:LPM_COUNTER_component|cntr_ipi:auto_generated|counter_comb_bita13~COUT ; cout             ;
; |g08_pulseGenerator|lpm_counter1:inst3|lpm_counter:LPM_COUNTER_component|cntr_ipi:auto_generated|counter_comb_bita14   ; |g08_pulseGenerator|lpm_counter1:inst3|lpm_counter:LPM_COUNTER_component|cntr_ipi:auto_generated|counter_comb_bita14      ; combout          ;
; |g08_pulseGenerator|lpm_counter1:inst3|lpm_counter:LPM_COUNTER_component|cntr_ipi:auto_generated|counter_comb_bita14   ; |g08_pulseGenerator|lpm_counter1:inst3|lpm_counter:LPM_COUNTER_component|cntr_ipi:auto_generated|counter_comb_bita14~COUT ; cout             ;
; |g08_pulseGenerator|lpm_counter1:inst3|lpm_counter:LPM_COUNTER_component|cntr_ipi:auto_generated|counter_comb_bita15   ; |g08_pulseGenerator|lpm_counter1:inst3|lpm_counter:LPM_COUNTER_component|cntr_ipi:auto_generated|counter_comb_bita15      ; combout          ;
; |g08_pulseGenerator|lpm_counter1:inst3|lpm_counter:LPM_COUNTER_component|cntr_ipi:auto_generated|counter_comb_bita15   ; |g08_pulseGenerator|lpm_counter1:inst3|lpm_counter:LPM_COUNTER_component|cntr_ipi:auto_generated|counter_comb_bita15~COUT ; cout             ;
; |g08_pulseGenerator|lpm_counter1:inst3|lpm_counter:LPM_COUNTER_component|cntr_ipi:auto_generated|counter_comb_bita16   ; |g08_pulseGenerator|lpm_counter1:inst3|lpm_counter:LPM_COUNTER_component|cntr_ipi:auto_generated|counter_comb_bita16      ; combout          ;
; |g08_pulseGenerator|lpm_counter1:inst3|lpm_counter:LPM_COUNTER_component|cntr_ipi:auto_generated|counter_comb_bita16   ; |g08_pulseGenerator|lpm_counter1:inst3|lpm_counter:LPM_COUNTER_component|cntr_ipi:auto_generated|counter_comb_bita16~COUT ; cout             ;
; |g08_pulseGenerator|lpm_counter1:inst3|lpm_counter:LPM_COUNTER_component|cntr_ipi:auto_generated|counter_comb_bita17   ; |g08_pulseGenerator|lpm_counter1:inst3|lpm_counter:LPM_COUNTER_component|cntr_ipi:auto_generated|counter_comb_bita17      ; combout          ;
; |g08_pulseGenerator|lpm_counter1:inst3|lpm_counter:LPM_COUNTER_component|cntr_ipi:auto_generated|counter_comb_bita17   ; |g08_pulseGenerator|lpm_counter1:inst3|lpm_counter:LPM_COUNTER_component|cntr_ipi:auto_generated|counter_comb_bita17~COUT ; cout             ;
; |g08_pulseGenerator|lpm_counter1:inst3|lpm_counter:LPM_COUNTER_component|cntr_ipi:auto_generated|counter_comb_bita18   ; |g08_pulseGenerator|lpm_counter1:inst3|lpm_counter:LPM_COUNTER_component|cntr_ipi:auto_generated|counter_comb_bita18      ; combout          ;
; |g08_pulseGenerator|lpm_counter1:inst3|lpm_counter:LPM_COUNTER_component|cntr_ipi:auto_generated|counter_comb_bita18   ; |g08_pulseGenerator|lpm_counter1:inst3|lpm_counter:LPM_COUNTER_component|cntr_ipi:auto_generated|counter_comb_bita18~COUT ; cout             ;
; |g08_pulseGenerator|lpm_counter1:inst3|lpm_counter:LPM_COUNTER_component|cntr_ipi:auto_generated|counter_comb_bita19   ; |g08_pulseGenerator|lpm_counter1:inst3|lpm_counter:LPM_COUNTER_component|cntr_ipi:auto_generated|counter_comb_bita19      ; combout          ;
; |g08_pulseGenerator|lpm_counter1:inst3|lpm_counter:LPM_COUNTER_component|cntr_ipi:auto_generated|counter_comb_bita19   ; |g08_pulseGenerator|lpm_counter1:inst3|lpm_counter:LPM_COUNTER_component|cntr_ipi:auto_generated|counter_comb_bita19~COUT ; cout             ;
; |g08_pulseGenerator|lpm_counter1:inst3|lpm_counter:LPM_COUNTER_component|cntr_ipi:auto_generated|counter_comb_bita20   ; |g08_pulseGenerator|lpm_counter1:inst3|lpm_counter:LPM_COUNTER_component|cntr_ipi:auto_generated|counter_comb_bita20      ; combout          ;
; |g08_pulseGenerator|lpm_counter1:inst3|lpm_counter:LPM_COUNTER_component|cntr_ipi:auto_generated|counter_reg_bit1a[20] ; |g08_pulseGenerator|lpm_counter1:inst3|lpm_counter:LPM_COUNTER_component|cntr_ipi:auto_generated|safe_q[20]               ; regout           ;
; |g08_pulseGenerator|lpm_counter1:inst3|lpm_counter:LPM_COUNTER_component|cntr_ipi:auto_generated|counter_reg_bit1a[19] ; |g08_pulseGenerator|lpm_counter1:inst3|lpm_counter:LPM_COUNTER_component|cntr_ipi:auto_generated|safe_q[19]               ; regout           ;
; |g08_pulseGenerator|lpm_counter1:inst3|lpm_counter:LPM_COUNTER_component|cntr_ipi:auto_generated|counter_reg_bit1a[18] ; |g08_pulseGenerator|lpm_counter1:inst3|lpm_counter:LPM_COUNTER_component|cntr_ipi:auto_generated|safe_q[18]               ; regout           ;
; |g08_pulseGenerator|lpm_counter1:inst3|lpm_counter:LPM_COUNTER_component|cntr_ipi:auto_generated|counter_reg_bit1a[17] ; |g08_pulseGenerator|lpm_counter1:inst3|lpm_counter:LPM_COUNTER_component|cntr_ipi:auto_generated|safe_q[17]               ; regout           ;
; |g08_pulseGenerator|lpm_counter1:inst3|lpm_counter:LPM_COUNTER_component|cntr_ipi:auto_generated|counter_reg_bit1a[16] ; |g08_pulseGenerator|lpm_counter1:inst3|lpm_counter:LPM_COUNTER_component|cntr_ipi:auto_generated|safe_q[16]               ; regout           ;
; |g08_pulseGenerator|lpm_counter1:inst3|lpm_counter:LPM_COUNTER_component|cntr_ipi:auto_generated|counter_reg_bit1a[15] ; |g08_pulseGenerator|lpm_counter1:inst3|lpm_counter:LPM_COUNTER_component|cntr_ipi:auto_generated|safe_q[15]               ; regout           ;
; |g08_pulseGenerator|lpm_counter1:inst3|lpm_counter:LPM_COUNTER_component|cntr_ipi:auto_generated|counter_reg_bit1a[14] ; |g08_pulseGenerator|lpm_counter1:inst3|lpm_counter:LPM_COUNTER_component|cntr_ipi:auto_generated|safe_q[14]               ; regout           ;
; |g08_pulseGenerator|lpm_counter1:inst3|lpm_counter:LPM_COUNTER_component|cntr_ipi:auto_generated|counter_reg_bit1a[13] ; |g08_pulseGenerator|lpm_counter1:inst3|lpm_counter:LPM_COUNTER_component|cntr_ipi:auto_generated|safe_q[13]               ; regout           ;
; |g08_pulseGenerator|lpm_counter1:inst3|lpm_counter:LPM_COUNTER_component|cntr_ipi:auto_generated|counter_reg_bit1a[12] ; |g08_pulseGenerator|lpm_counter1:inst3|lpm_counter:LPM_COUNTER_component|cntr_ipi:auto_generated|safe_q[12]               ; regout           ;
; |g08_pulseGenerator|lpm_counter1:inst3|lpm_counter:LPM_COUNTER_component|cntr_ipi:auto_generated|counter_reg_bit1a[11] ; |g08_pulseGenerator|lpm_counter1:inst3|lpm_counter:LPM_COUNTER_component|cntr_ipi:auto_generated|safe_q[11]               ; regout           ;
+------------------------------------------------------------------------------------------------------------------------+---------------------------------------------------------------------------------------------------------------------------+------------------+


+---------------------+
; Simulator INI Usage ;
+--------+------------+
; Option ; Usage      ;
+--------+------------+


+--------------------+
; Simulator Messages ;
+--------------------+
Info: *******************************************************************
Info: Running Quartus II 64-Bit Simulator
    Info: Version 13.0.0 Build 156 04/24/2013 SJ Web Edition
    Info: Processing started: Wed Nov 01 17:28:14 2017
Info: Command: quartus_sim --simulation_results_format=VWF g08_lab3 -c g08_lab3
Info (324025): Using vector source file "C:/Users/Frank/Desktop/My Stuff/School Files/Semester 5/ECSE 323/Labs/Assignments/g08_lab3/g08_pulseGenerator.vwf"
Info (310003): Option to preserve fewer signal transitions to reduce memory requirements is enabled
    Info (310004): Simulation has been partitioned into sub-simulations according to the maximum transition count determined by the engine. Transitions from memory will be flushed out to disk at the end of each sub-simulation to reduce memory requirements.
Info (310002): Simulation partitioned into 1 sub-simulations
Info (328053): Simulation coverage is      65.91 %
Info (328052): Number of transitions in simulation is 84933
Info (324045): Vector file g08_lab3.sim.vwf is saved in VWF text format. You can compress it into CVWF format in order to reduce file size. For more details please refer to the Quartus II Help.
Info: Quartus II 64-Bit Simulator was successful. 0 errors, 0 warnings
    Info: Peak virtual memory: 332 megabytes
    Info: Processing ended: Wed Nov 01 17:28:16 2017
    Info: Elapsed time: 00:00:02
    Info: Total CPU time (on all processors): 00:00:02


