Flow report for gA8_lab1
Fri Sep 22 15:55:30 2017
Quartus II 64-Bit Version 13.0.0 Build 156 04/24/2013 SJ Web Edition


---------------------
; Table of Contents ;
---------------------
  1. Legal Notice
  2. Flow Summary
  3. Flow Settings
  4. Flow Non-Default Global Settings
  5. Flow Elapsed Time
  6. Flow OS Summary
  7. Flow Log
  8. Flow Messages
  9. Flow Suppressed Messages



----------------
; Legal Notice ;
----------------
Copyright (C) 1991-2013 Altera Corporation
Your use of Altera Corporation's design tools, logic functions 
and other software and tools, and its AMPP partner logic 
functions, and any output files from any of the foregoing 
(including device programming or simulation files), and any 
associated documentation or information are expressly subject 
to the terms and conditions of the Altera Program License 
Subscription Agreement, Altera MegaCore Function License 
Agreement, or other applicable license agreement, including, 
without limitation, that your use is for the sole purpose of 
programming logic devices manufactured by Altera and sold by 
Altera or its authorized distributors.  Please refer to the 
applicable agreement for further details.



+---------------------------------------------------------------------------------+
; Flow Summary                                                                    ;
+------------------------------------+--------------------------------------------+
; Flow Status                        ; Successful - Fri Sep 22 15:55:30 2017      ;
; Quartus II 64-Bit Version          ; 13.0.0 Build 156 04/24/2013 SJ Web Edition ;
; Revision Name                      ; gA8_lab1                                   ;
; Top-level Entity Name              ; gA8_lab1                                   ;
; Family                             ; Cyclone II                                 ;
; Device                             ; EP2C20F484C7                               ;
; Timing Models                      ; Final                                      ;
; Total logic elements               ; 5 / 18,752 ( < 1 % )                       ;
;     Total combinational functions  ; 5 / 18,752 ( < 1 % )                       ;
;     Dedicated logic registers      ; 0 / 18,752 ( 0 % )                         ;
; Total registers                    ; 0                                          ;
; Total pins                         ; 15 / 315 ( 5 % )                           ;
; Total virtual pins                 ; 0                                          ;
; Total memory bits                  ; 0 / 239,616 ( 0 % )                        ;
; Embedded Multiplier 9-bit elements ; 0 / 52 ( 0 % )                             ;
; Total PLLs                         ; 0 / 4 ( 0 % )                              ;
+------------------------------------+--------------------------------------------+


+-----------------------------------------+
; Flow Settings                           ;
+-------------------+---------------------+
; Option            ; Setting             ;
+-------------------+---------------------+
; Start date & time ; 09/22/2017 15:31:20 ;
; Main task         ; Compilation         ;
; Revision Name     ; gA8_lab1            ;
+-------------------+---------------------+


+---------------------------------------------------------------------------------------------------------------------+
; Flow Non-Default Global Settings                                                                                    ;
+-------------------------------------+--------------------------------+---------------+-------------+----------------+
; Assignment Name                     ; Value                          ; Default Value ; Entity Name ; Section Id     ;
+-------------------------------------+--------------------------------+---------------+-------------+----------------+
; COMPILER_SIGNATURE_ID               ; 93094397669076.150610868006548 ; --            ; --          ; --             ;
; EDA_OUTPUT_DATA_FORMAT              ; Vhdl                           ; --            ; --          ; eda_simulation ;
; EDA_SIMULATION_TOOL                 ; ModelSim-Altera (VHDL)         ; <None>        ; --          ; --             ;
; MAX_CORE_JUNCTION_TEMP              ; 85                             ; --            ; --          ; --             ;
; MIN_CORE_JUNCTION_TEMP              ; 0                              ; --            ; --          ; --             ;
; PARTITION_COLOR                     ; 16764057                       ; --            ; --          ; Top            ;
; PARTITION_FITTER_PRESERVATION_LEVEL ; PLACEMENT_AND_ROUTING          ; --            ; --          ; Top            ;
; PARTITION_NETLIST_TYPE              ; SOURCE                         ; --            ; --          ; Top            ;
; PROJECT_OUTPUT_DIRECTORY            ; output_files                   ; --            ; --          ; --             ;
+-------------------------------------+--------------------------------+---------------+-------------+----------------+


+-------------------------------------------------------------------------------------------------------------------------------+
; Flow Elapsed Time                                                                                                             ;
+---------------------------+--------------+-------------------------+---------------------+------------------------------------+
; Module Name               ; Elapsed Time ; Average Processors Used ; Peak Virtual Memory ; Total CPU Time (on all processors) ;
+---------------------------+--------------+-------------------------+---------------------+------------------------------------+
; Analysis & Synthesis      ; 00:00:06     ; 1.0                     ; 474 MB              ; 00:00:03                           ;
; Fitter                    ; 00:00:21     ; 1.0                     ; 726 MB              ; 00:00:14                           ;
; Assembler                 ; 00:00:07     ; 1.0                     ; 435 MB              ; 00:00:05                           ;
; TimeQuest Timing Analyzer ; 00:00:05     ; 1.0                     ; 424 MB              ; 00:00:02                           ;
; EDA Netlist Writer        ; 00:00:02     ; 1.0                     ; 400 MB              ; 00:00:02                           ;
; EDA Netlist Writer        ; 00:00:02     ; 1.0                     ; 408 MB              ; 00:00:02                           ;
; EDA Netlist Writer        ; 00:00:02     ; 1.0                     ; 408 MB              ; 00:00:02                           ;
; Total                     ; 00:00:45     ; --                      ; --                  ; 00:00:30                           ;
+---------------------------+--------------+-------------------------+---------------------+------------------------------------+


+----------------------------------------------------------------------------------------+
; Flow OS Summary                                                                        ;
+---------------------------+------------------+-----------+------------+----------------+
; Module Name               ; Machine Hostname ; OS Name   ; OS Version ; Processor type ;
+---------------------------+------------------+-----------+------------+----------------+
; Analysis & Synthesis      ; theyeman         ; Windows 7 ; 6.2        ; x86_64         ;
; Fitter                    ; theyeman         ; Windows 7 ; 6.2        ; x86_64         ;
; Assembler                 ; theyeman         ; Windows 7 ; 6.2        ; x86_64         ;
; TimeQuest Timing Analyzer ; theyeman         ; Windows 7 ; 6.2        ; x86_64         ;
; EDA Netlist Writer        ; theyeman         ; Windows 7 ; 6.2        ; x86_64         ;
; EDA Netlist Writer        ; theyeman         ; Windows 7 ; 6.2        ; x86_64         ;
; EDA Netlist Writer        ; theyeman         ; Windows 7 ; 6.2        ; x86_64         ;
+---------------------------+------------------+-----------+------------+----------------+


------------
; Flow Log ;
------------
quartus_map --read_settings_files=on --write_settings_files=off gA8_lab1 -c gA8_lab1
quartus_fit --read_settings_files=off --write_settings_files=off gA8_lab1 -c gA8_lab1
quartus_asm --read_settings_files=off --write_settings_files=off gA8_lab1 -c gA8_lab1
quartus_sta gA8_lab1 -c gA8_lab1
quartus_eda --read_settings_files=off --write_settings_files=off gA8_lab1 -c gA8_lab1
quartus_eda --gen_testbench --check_outputs=on --tool=modelsim_oem --format=verilog gA8_lab1 -c gA8_lab1 --vector_source="C:/Users/Frank/Desktop/My Stuff/School Files/Semester 5/ECSE 323/Labs/Assignments/gA8_lab1/gA8_lab1.vwf" --testbench_file=./simulation/qsim/gA8_lab1.vt
quartus_eda --functional=on --simulation=on --tool=modelsim_oem --format=verilog gA8_lab1 -c gA8_lab1



