Flow report for g08_lab5
Tue Dec 05 16:02:20 2017
Quartus II 64-Bit Version 13.0.0 Build 156 04/24/2013 SJ Web Edition


---------------------
; Table of Contents ;
---------------------
  1. Legal Notice
  2. Flow Summary
  3. Flow Settings
  4. Flow Non-Default Global Settings
  5. Flow Elapsed Time
  6. Flow OS Summary
  7. Flow Log
  8. Flow Messages
  9. Flow Suppressed Messages



----------------
; Legal Notice ;
----------------
Copyright (C) 1991-2013 Altera Corporation
Your use of Altera Corporation's design tools, logic functions 
and other software and tools, and its AMPP partner logic 
functions, and any output files from any of the foregoing 
(including device programming or simulation files), and any 
associated documentation or information are expressly subject 
to the terms and conditions of the Altera Program License 
Subscription Agreement, Altera MegaCore Function License 
Agreement, or other applicable license agreement, including, 
without limitation, that your use is for the sole purpose of 
programming logic devices manufactured by Altera and sold by 
Altera or its authorized distributors.  Please refer to the 
applicable agreement for further details.



+---------------------------------------------------------------------------------+
; Flow Summary                                                                    ;
+------------------------------------+--------------------------------------------+
; Flow Status                        ; Successful - Tue Dec 05 16:02:20 2017      ;
; Quartus II 64-Bit Version          ; 13.0.0 Build 156 04/24/2013 SJ Web Edition ;
; Revision Name                      ; g08_lab5                                   ;
; Top-level Entity Name              ; DIVIDE10                                   ;
; Family                             ; Cyclone II                                 ;
; Device                             ; EP2C20F484C7                               ;
; Timing Models                      ; Final                                      ;
; Total logic elements               ; 3,197                                      ;
;     Total combinational functions  ; 1,313 / 18,752 ( 7 % )                     ;
;     Dedicated logic registers      ; 2,249 / 18,752 ( 12 % )                    ;
; Total registers                    ; 2249                                       ;
; Total pins                         ; 14 / 315 ( 4 % )                           ;
; Total virtual pins                 ; 0                                          ;
; Total memory bits                  ; 148,480 / 239,616 ( 62 % )                 ;
; Embedded Multiplier 9-bit elements ; 0 / 52 ( 0 % )                             ;
; Total PLLs                         ; 0 / 4 ( 0 % )                              ;
+------------------------------------+--------------------------------------------+


+-----------------------------------------+
; Flow Settings                           ;
+-------------------+---------------------+
; Option            ; Setting             ;
+-------------------+---------------------+
; Start date & time ; 12/05/2017 15:11:48 ;
; Main task         ; Compilation         ;
; Revision Name     ; g08_lab5            ;
+-------------------+---------------------+


+---------------------------------------------------------------------------------------------------------------------------------------------------------------------------------------------------------------------------+
; Flow Non-Default Global Settings                                                                                                                                                                                          ;
+-------------------------------------+------------------------------------------------------------------------------------------------------------------------------------+---------------+-------------+------------------+
; Assignment Name                     ; Value                                                                                                                              ; Default Value ; Entity Name ; Section Id       ;
+-------------------------------------+------------------------------------------------------------------------------------------------------------------------------------+---------------+-------------+------------------+
; COMPILER_SIGNATURE_ID               ; 93094397669076.151250470805540                                                                                                     ; --            ; --          ; --               ;
; EDA_GENERATE_FUNCTIONAL_NETLIST     ; On                                                                                                                                 ; --            ; --          ; eda_simulation   ;
; EDA_OUTPUT_DATA_FORMAT              ; Verilog Hdl                                                                                                                        ; --            ; --          ; eda_simulation   ;
; EDA_SIMULATION_TOOL                 ; ModelSim-Altera (Verilog)                                                                                                          ; <None>        ; --          ; --               ;
; ENABLE_SIGNALTAP                    ; On                                                                                                                                 ; --            ; --          ; --               ;
; IP_TOOL_NAME                        ; LPM_MUX                                                                                                                            ; --            ; --          ; --               ;
; IP_TOOL_NAME                        ; LPM_MUX                                                                                                                            ; --            ; --          ; --               ;
; IP_TOOL_NAME                        ; LPM_COUNTER                                                                                                                        ; --            ; --          ; --               ;
; IP_TOOL_NAME                        ; LPM_COUNTER                                                                                                                        ; --            ; --          ; --               ;
; IP_TOOL_NAME                        ; LPM_CONSTANT                                                                                                                       ; --            ; --          ; --               ;
; IP_TOOL_NAME                        ; LPM_COMPARE                                                                                                                        ; --            ; --          ; --               ;
; IP_TOOL_NAME                        ; LPM_COMPARE                                                                                                                        ; --            ; --          ; --               ;
; IP_TOOL_NAME                        ; LPM_COMPARE                                                                                                                        ; --            ; --          ; --               ;
; IP_TOOL_VERSION                     ; 13.0                                                                                                                               ; --            ; --          ; --               ;
; IP_TOOL_VERSION                     ; 13.0                                                                                                                               ; --            ; --          ; --               ;
; IP_TOOL_VERSION                     ; 13.0                                                                                                                               ; --            ; --          ; --               ;
; IP_TOOL_VERSION                     ; 13.0                                                                                                                               ; --            ; --          ; --               ;
; IP_TOOL_VERSION                     ; 13.0                                                                                                                               ; --            ; --          ; --               ;
; IP_TOOL_VERSION                     ; 13.0                                                                                                                               ; --            ; --          ; --               ;
; IP_TOOL_VERSION                     ; 13.0                                                                                                                               ; --            ; --          ; --               ;
; IP_TOOL_VERSION                     ; 13.0                                                                                                                               ; --            ; --          ; --               ;
; MAX_CORE_JUNCTION_TEMP              ; 85                                                                                                                                 ; --            ; --          ; --               ;
; MIN_CORE_JUNCTION_TEMP              ; 0                                                                                                                                  ; --            ; --          ; --               ;
; MISC_FILE                           ; lpm_mux1.bsf                                                                                                                       ; --            ; --          ; --               ;
; MISC_FILE                           ; lpm_mux1.cmp                                                                                                                       ; --            ; --          ; --               ;
; MISC_FILE                           ; lpm_mux0.bsf                                                                                                                       ; --            ; --          ; --               ;
; MISC_FILE                           ; lpm_mux0.cmp                                                                                                                       ; --            ; --          ; --               ;
; MISC_FILE                           ; lpm_counter1.bsf                                                                                                                   ; --            ; --          ; --               ;
; MISC_FILE                           ; lpm_counter1.cmp                                                                                                                   ; --            ; --          ; --               ;
; MISC_FILE                           ; lpm_counter0.bsf                                                                                                                   ; --            ; --          ; --               ;
; MISC_FILE                           ; lpm_counter0.cmp                                                                                                                   ; --            ; --          ; --               ;
; MISC_FILE                           ; lpm_constant0.bsf                                                                                                                  ; --            ; --          ; --               ;
; MISC_FILE                           ; lpm_constant0.cmp                                                                                                                  ; --            ; --          ; --               ;
; MISC_FILE                           ; lpm_compare2.bsf                                                                                                                   ; --            ; --          ; --               ;
; MISC_FILE                           ; lpm_compare2.cmp                                                                                                                   ; --            ; --          ; --               ;
; MISC_FILE                           ; lpm_compare1.bsf                                                                                                                   ; --            ; --          ; --               ;
; MISC_FILE                           ; lpm_compare1.cmp                                                                                                                   ; --            ; --          ; --               ;
; MISC_FILE                           ; lpm_compare0.bsf                                                                                                                   ; --            ; --          ; --               ;
; MISC_FILE                           ; lpm_compare0.cmp                                                                                                                   ; --            ; --          ; --               ;
; PARTITION_COLOR                     ; 16764057                                                                                                                           ; --            ; DIVIDE10    ; Top              ;
; PARTITION_FITTER_PRESERVATION_LEVEL ; PLACEMENT_AND_ROUTING                                                                                                              ; --            ; DIVIDE10    ; Top              ;
; PARTITION_NETLIST_TYPE              ; SOURCE                                                                                                                             ; --            ; DIVIDE10    ; Top              ;
; POWER_BOARD_THERMAL_MODEL           ; None (CONSERVATIVE)                                                                                                                ; --            ; --          ; --               ;
; POWER_PRESET_COOLING_SOLUTION       ; 23 MM HEAT SINK WITH 200 LFPM AIRFLOW                                                                                              ; --            ; --          ; --               ;
; PROJECT_OUTPUT_DIRECTORY            ; output_files                                                                                                                       ; --            ; --          ; --               ;
; SLD_FILE                            ; C:/Users/Frank/Desktop/My Stuff/School Files/Semester 5/ECSE 323/Labs/Assignments/g08_lab5/output_files/g08_lab5_auto_stripped.stp ; --            ; --          ; --               ;
; SLD_NODE_CREATOR_ID                 ; 110                                                                                                                                ; --            ; --          ; auto_signaltap_0 ;
; SLD_NODE_ENTITY_NAME                ; sld_signaltap                                                                                                                      ; --            ; --          ; auto_signaltap_0 ;
; SLD_NODE_PARAMETER_ASSIGNMENT       ; SLD_NODE_INFO=805334528                                                                                                            ; --            ; --          ; auto_signaltap_0 ;
; SLD_NODE_PARAMETER_ASSIGNMENT       ; SLD_POWER_UP_TRIGGER=0                                                                                                             ; --            ; --          ; auto_signaltap_0 ;
; SLD_NODE_PARAMETER_ASSIGNMENT       ; SLD_STORAGE_QUALIFIER_INVERSION_MASK_LENGTH=0                                                                                      ; --            ; --          ; auto_signaltap_0 ;
; SLD_NODE_PARAMETER_ASSIGNMENT       ; SLD_ATTRIBUTE_MEM_MODE=OFF                                                                                                         ; --            ; --          ; auto_signaltap_0 ;
; SLD_NODE_PARAMETER_ASSIGNMENT       ; SLD_STATE_FLOW_USE_GENERATED=0                                                                                                     ; --            ; --          ; auto_signaltap_0 ;
; SLD_NODE_PARAMETER_ASSIGNMENT       ; SLD_STATE_BITS=11                                                                                                                  ; --            ; --          ; auto_signaltap_0 ;
; SLD_NODE_PARAMETER_ASSIGNMENT       ; SLD_BUFFER_FULL_STOP=1                                                                                                             ; --            ; --          ; auto_signaltap_0 ;
; SLD_NODE_PARAMETER_ASSIGNMENT       ; SLD_CURRENT_RESOURCE_WIDTH=1                                                                                                       ; --            ; --          ; auto_signaltap_0 ;
; SLD_NODE_PARAMETER_ASSIGNMENT       ; SLD_TRIGGER_LEVEL=1                                                                                                                ; --            ; --          ; auto_signaltap_0 ;
; SLD_NODE_PARAMETER_ASSIGNMENT       ; SLD_TRIGGER_IN_ENABLED=0                                                                                                           ; --            ; --          ; auto_signaltap_0 ;
; SLD_NODE_PARAMETER_ASSIGNMENT       ; SLD_TRIGGER_LEVEL_PIPELINE=1                                                                                                       ; --            ; --          ; auto_signaltap_0 ;
; SLD_NODE_PARAMETER_ASSIGNMENT       ; SLD_ENABLE_ADVANCED_TRIGGER=1                                                                                                      ; --            ; --          ; auto_signaltap_0 ;
; SLD_NODE_PARAMETER_ASSIGNMENT       ; SLD_INVERSION_MASK=000000000000000000000000                                                                                        ; --            ; --          ; auto_signaltap_0 ;
; SLD_NODE_PARAMETER_ASSIGNMENT       ; SLD_INVERSION_MASK_LENGTH=24                                                                                                       ; --            ; --          ; auto_signaltap_0 ;
; SLD_NODE_PARAMETER_ASSIGNMENT       ; SLD_SEGMENT_SIZE=1024                                                                                                              ; --            ; --          ; auto_signaltap_0 ;
; SLD_NODE_PARAMETER_ASSIGNMENT       ; SLD_SAMPLE_DEPTH=1024                                                                                                              ; --            ; --          ; auto_signaltap_0 ;
; SLD_NODE_PARAMETER_ASSIGNMENT       ; SLD_DATA_BITS=145                                                                                                                  ; --            ; --          ; auto_signaltap_0 ;
; SLD_NODE_PARAMETER_ASSIGNMENT       ; SLD_TRIGGER_BITS=145                                                                                                               ; --            ; --          ; auto_signaltap_0 ;
; SLD_NODE_PARAMETER_ASSIGNMENT       ; SLD_NODE_CRC_LOWORD=20286                                                                                                          ; --            ; --          ; auto_signaltap_0 ;
; SLD_NODE_PARAMETER_ASSIGNMENT       ; SLD_NODE_CRC_HIWORD=17085                                                                                                          ; --            ; --          ; auto_signaltap_0 ;
; SLD_NODE_PARAMETER_ASSIGNMENT       ; SLD_ADVANCED_TRIGGER_ENTITY=sld_reserved_g08_lab5_auto_signaltap_0_1_6f94,                                                         ; --            ; --          ; auto_signaltap_0 ;
; TOP_LEVEL_ENTITY                    ; DIVIDE10                                                                                                                           ; g08_lab5      ; --          ; --               ;
; USE_SIGNALTAP_FILE                  ; output_files/g08_lab5.stp                                                                                                          ; --            ; --          ; --               ;
+-------------------------------------+------------------------------------------------------------------------------------------------------------------------------------+---------------+-------------+------------------+


+-----------------------------------------------------------------------------------------------------------------------------+
; Flow Elapsed Time                                                                                                           ;
+-------------------------+--------------+-------------------------+---------------------+------------------------------------+
; Module Name             ; Elapsed Time ; Average Processors Used ; Peak Virtual Memory ; Total CPU Time (on all processors) ;
+-------------------------+--------------+-------------------------+---------------------+------------------------------------+
; Analysis & Synthesis    ; 00:00:41     ; 1.0                     ; 651 MB              ; 00:00:34                           ;
; I/O Assignment Analysis ; 00:00:05     ; 1.0                     ; 794 MB              ; 00:00:04                           ;
; Total                   ; 00:00:46     ; --                      ; --                  ; 00:00:38                           ;
+-------------------------+--------------+-------------------------+---------------------+------------------------------------+


+--------------------------------------------------------------------------------------+
; Flow OS Summary                                                                      ;
+-------------------------+------------------+-----------+------------+----------------+
; Module Name             ; Machine Hostname ; OS Name   ; OS Version ; Processor type ;
+-------------------------+------------------+-----------+------------+----------------+
; Analysis & Synthesis    ; theyeman         ; Windows 7 ; 6.2        ; x86_64         ;
; I/O Assignment Analysis ; theyeman         ; Windows 7 ; 6.2        ; x86_64         ;
+-------------------------+------------------+-----------+------------+----------------+


------------
; Flow Log ;
------------
quartus_map --read_settings_files=on --write_settings_files=off g08_lab5 -c g08_lab5
quartus_fit --read_settings_files=on --write_settings_files=off g08_lab5 -c g08_lab5 --check_ios



